::1 - - [Wed, 29 Nov 2017 06:38:08 GMT] "GET / HTTP/1.1" 304 - "-" "Mozilla/5.0 (Windows NT 10.0; WOW64) AppleWebKit/537.36 (KHTML, like Gecko) Chrome/55.0.2883.87 Safari/537.36"
::1 - - [Wed, 29 Nov 2017 06:38:08 GMT] "GET /stylesheets/style.css HTTP/1.1" 304 - "http://localhost:90/" "Mozilla/5.0 (Windows NT 10.0; WOW64) AppleWebKit/537.36 (KHTML, like Gecko) Chrome/55.0.2883.87 Safari/537.36"
::1 - - [Wed, 29 Nov 2017 06:38:51 GMT] "GET /push.html HTTP/1.1" 304 - "http://localhost:90/" "Mozilla/5.0 (Windows NT 10.0; WOW64) AppleWebKit/537.36 (KHTML, like Gecko) Chrome/55.0.2883.87 Safari/537.36"
::1 - - [Wed, 29 Nov 2017 06:38:51 GMT] "GET /stylesheets/style.css HTTP/1.1" 304 - "http://localhost:90/push.html" "Mozilla/5.0 (Windows NT 10.0; WOW64) AppleWebKit/537.36 (KHTML, like Gecko) Chrome/55.0.2883.87 Safari/537.36"
::1 - - [Wed, 29 Nov 2017 06:39:05 GMT] "POST /push.do HTTP/1.1" 302 46 "http://localhost:90/push.html" "Mozilla/5.0 (Windows NT 10.0; WOW64) AppleWebKit/537.36 (KHTML, like Gecko) Chrome/55.0.2883.87 Safari/537.36"
::1 - - [Wed, 29 Nov 2017 06:39:05 GMT] "GET / HTTP/1.1" 500 1558 "http://localhost:90/push.html" "Mozilla/5.0 (Windows NT 10.0; WOW64) AppleWebKit/537.36 (KHTML, like Gecko) Chrome/55.0.2883.87 Safari/537.36"
::1 - - [Wed, 29 Nov 2017 06:39:18 GMT] "GET / HTTP/1.1" 500 1558 "-" "Mozilla/5.0 (Windows NT 10.0; WOW64) AppleWebKit/537.36 (KHTML, like Gecko) Chrome/55.0.2883.87 Safari/537.36"
::1 - - [Wed, 29 Nov 2017 06:39:46 GMT] "GET / HTTP/1.1" 200 1984 "-" "Mozilla/5.0 (Windows NT 10.0; WOW64) AppleWebKit/537.36 (KHTML, like Gecko) Chrome/55.0.2883.87 Safari/537.36"
::1 - - [Wed, 29 Nov 2017 06:39:46 GMT] "GET /stylesheets/style.css HTTP/1.1" 304 - "http://localhost:90/" "Mozilla/5.0 (Windows NT 10.0; WOW64) AppleWebKit/537.36 (KHTML, like Gecko) Chrome/55.0.2883.87 Safari/537.36"
::1 - - [Wed, 29 Nov 2017 06:39:56 GMT] "GET /del/article.html?objId=5a1e5609ab56f53894b1f977 HTTP/1.1" 302 46 "http://localhost:90/" "Mozilla/5.0 (Windows NT 10.0; WOW64) AppleWebKit/537.36 (KHTML, like Gecko) Chrome/55.0.2883.87 Safari/537.36"
::1 - - [Wed, 29 Nov 2017 06:39:56 GMT] "GET /stylesheets/style.css HTTP/1.1" 304 - "http://localhost:90/" "Mozilla/5.0 (Windows NT 10.0; WOW64) AppleWebKit/537.36 (KHTML, like Gecko) Chrome/55.0.2883.87 Safari/537.36"
::1 - - [Wed, 29 Nov 2017 06:39:56 GMT] "GET / HTTP/1.1" 200 1312 "http://localhost:90/" "Mozilla/5.0 (Windows NT 10.0; WOW64) AppleWebKit/537.36 (KHTML, like Gecko) Chrome/55.0.2883.87 Safari/537.36"
::1 - - [Wed, 29 Nov 2017 06:39:58 GMT] "GET /logout HTTP/1.1" 302 46 "http://localhost:90/" "Mozilla/5.0 (Windows NT 10.0; WOW64) AppleWebKit/537.36 (KHTML, like Gecko) Chrome/55.0.2883.87 Safari/537.36"
::1 - - [Wed, 29 Nov 2017 06:39:58 GMT] "GET / HTTP/1.1" 200 1350 "http://localhost:90/" "Mozilla/5.0 (Windows NT 10.0; WOW64) AppleWebKit/537.36 (KHTML, like Gecko) Chrome/55.0.2883.87 Safari/537.36"
::1 - - [Wed, 29 Nov 2017 06:39:58 GMT] "GET /stylesheets/style.css HTTP/1.1" 304 - "http://localhost:90/" "Mozilla/5.0 (Windows NT 10.0; WOW64) AppleWebKit/537.36 (KHTML, like Gecko) Chrome/55.0.2883.87 Safari/537.36"
::1 - - [Wed, 29 Nov 2017 06:40:02 GMT] "GET /upload.html HTTP/1.1" 200 1174 "http://localhost:90/" "Mozilla/5.0 (Windows NT 10.0; WOW64) AppleWebKit/537.36 (KHTML, like Gecko) Chrome/55.0.2883.87 Safari/537.36"
::1 - - [Wed, 29 Nov 2017 06:40:02 GMT] "GET /stylesheets/style.css HTTP/1.1" 304 - "http://localhost:90/upload.html" "Mozilla/5.0 (Windows NT 10.0; WOW64) AppleWebKit/537.36 (KHTML, like Gecko) Chrome/55.0.2883.87 Safari/537.36"
::1 - - [Wed, 29 Nov 2017 06:40:14 GMT] "POST /upload.do HTTP/1.1" 200 64 "http://localhost:90/upload.html" "Mozilla/5.0 (Windows NT 10.0; WOW64) AppleWebKit/537.36 (KHTML, like Gecko) Chrome/55.0.2883.87 Safari/537.36"
::1 - - [Wed, 29 Nov 2017 06:40:44 GMT] "GET /20170815/QQ%E6%88%AA%E5%9B%BE20171127163830.png HTTP/1.1" 200 246087 "http://localhost:90/upload.do" "Mozilla/5.0 (Windows NT 10.0; WOW64) AppleWebKit/537.36 (KHTML, like Gecko) Chrome/55.0.2883.87 Safari/537.36"
::1 - - [Thu, 30 Nov 2017 03:35:46 GMT] "GET /stylesheets/style.css HTTP/1.1" 200 111 "http://localhost:90/" "Mozilla/5.0 (Windows NT 10.0; WOW64) AppleWebKit/537.36 (KHTML, like Gecko) Chrome/55.0.2883.87 Safari/537.36"
::1 - - [Thu, 30 Nov 2017 03:35:46 GMT] "GET / HTTP/1.1" 200 1280 "-" "Mozilla/5.0 (Windows NT 10.0; WOW64) AppleWebKit/537.36 (KHTML, like Gecko) Chrome/55.0.2883.87 Safari/537.36"
::1 - - [Thu, 30 Nov 2017 03:35:46 GMT] "GET /favicon.ico HTTP/1.1" 404 1618 "http://localhost:90/" "Mozilla/5.0 (Windows NT 10.0; WOW64) AppleWebKit/537.36 (KHTML, like Gecko) Chrome/55.0.2883.87 Safari/537.36"
::1 - - [Thu, 30 Nov 2017 03:35:58 GMT] "GET /login.html HTTP/1.1" 200 1280 "http://localhost:90/" "Mozilla/5.0 (Windows NT 10.0; WOW64) AppleWebKit/537.36 (KHTML, like Gecko) Chrome/55.0.2883.87 Safari/537.36"
::1 - - [Thu, 30 Nov 2017 03:35:58 GMT] "GET /stylesheets/style.css HTTP/1.1" 304 - "http://localhost:90/login.html" "Mozilla/5.0 (Windows NT 10.0; WOW64) AppleWebKit/537.36 (KHTML, like Gecko) Chrome/55.0.2883.87 Safari/537.36"
::1 - - [Thu, 30 Nov 2017 03:36:08 GMT] "POST /login.do HTTP/1.1" 302 46 "http://localhost:90/login.html" "Mozilla/5.0 (Windows NT 10.0; WOW64) AppleWebKit/537.36 (KHTML, like Gecko) Chrome/55.0.2883.87 Safari/537.36"
::1 - - [Thu, 30 Nov 2017 03:36:08 GMT] "GET / HTTP/1.1" 200 1382 "http://localhost:90/login.html" "Mozilla/5.0 (Windows NT 10.0; WOW64) AppleWebKit/537.36 (KHTML, like Gecko) Chrome/55.0.2883.87 Safari/537.36"
::1 - - [Thu, 30 Nov 2017 03:36:08 GMT] "GET /stylesheets/style.css HTTP/1.1" 304 - "http://localhost:90/" "Mozilla/5.0 (Windows NT 10.0; WOW64) AppleWebKit/537.36 (KHTML, like Gecko) Chrome/55.0.2883.87 Safari/537.36"
::1 - - [Thu, 30 Nov 2017 03:36:12 GMT] "GET /push.html HTTP/1.1" 200 1529 "http://localhost:90/" "Mozilla/5.0 (Windows NT 10.0; WOW64) AppleWebKit/537.36 (KHTML, like Gecko) Chrome/55.0.2883.87 Safari/537.36"
::1 - - [Thu, 30 Nov 2017 03:36:12 GMT] "GET /stylesheets/style.css HTTP/1.1" 304 - "http://localhost:90/push.html" "Mozilla/5.0 (Windows NT 10.0; WOW64) AppleWebKit/537.36 (KHTML, like Gecko) Chrome/55.0.2883.87 Safari/537.36"
::1 - - [Thu, 30 Nov 2017 03:36:25 GMT] "POST /push.do HTTP/1.1" 302 46 "http://localhost:90/push.html" "Mozilla/5.0 (Windows NT 10.0; WOW64) AppleWebKit/537.36 (KHTML, like Gecko) Chrome/55.0.2883.87 Safari/537.36"
::1 - - [Thu, 30 Nov 2017 03:36:25 GMT] "GET / HTTP/1.1" 500 1558 "http://localhost:90/push.html" "Mozilla/5.0 (Windows NT 10.0; WOW64) AppleWebKit/537.36 (KHTML, like Gecko) Chrome/55.0.2883.87 Safari/537.36"
::1 - - [Thu, 30 Nov 2017 03:42:40 GMT] "GET / HTTP/1.1" 200 1763 "-" "Mozilla/5.0 (Windows NT 10.0; WOW64) AppleWebKit/537.36 (KHTML, like Gecko) Chrome/55.0.2883.87 Safari/537.36"
::1 - - [Thu, 30 Nov 2017 03:42:40 GMT] "GET /stylesheets/style.css HTTP/1.1" 304 - "http://localhost:90/" "Mozilla/5.0 (Windows NT 10.0; WOW64) AppleWebKit/537.36 (KHTML, like Gecko) Chrome/55.0.2883.87 Safari/537.36"
::1 - - [Thu, 30 Nov 2017 03:42:42 GMT] "GET /logout HTTP/1.1" 302 46 "http://localhost:90/" "Mozilla/5.0 (Windows NT 10.0; WOW64) AppleWebKit/537.36 (KHTML, like Gecko) Chrome/55.0.2883.87 Safari/537.36"
::1 - - [Thu, 30 Nov 2017 03:42:42 GMT] "GET / HTTP/1.1" 200 1729 "http://localhost:90/" "Mozilla/5.0 (Windows NT 10.0; WOW64) AppleWebKit/537.36 (KHTML, like Gecko) Chrome/55.0.2883.87 Safari/537.36"
::1 - - [Thu, 30 Nov 2017 03:42:42 GMT] "GET /stylesheets/style.css HTTP/1.1" 304 - "http://localhost:90/" "Mozilla/5.0 (Windows NT 10.0; WOW64) AppleWebKit/537.36 (KHTML, like Gecko) Chrome/55.0.2883.87 Safari/537.36"
::1 - - [Thu, 30 Nov 2017 03:42:44 GMT] "GET /del/article.html?objId=5a1f7cb9d799bb2a34be6d3a HTTP/1.1" 302 66 "http://localhost:90/" "Mozilla/5.0 (Windows NT 10.0; WOW64) AppleWebKit/537.36 (KHTML, like Gecko) Chrome/55.0.2883.87 Safari/537.36"
::1 - - [Thu, 30 Nov 2017 03:42:44 GMT] "GET /login.html HTTP/1.1" 200 1347 "http://localhost:90/" "Mozilla/5.0 (Windows NT 10.0; WOW64) AppleWebKit/537.36 (KHTML, like Gecko) Chrome/55.0.2883.87 Safari/537.36"
::1 - - [Thu, 30 Nov 2017 03:42:44 GMT] "GET /stylesheets/style.css HTTP/1.1" 304 - "http://localhost:90/login.html" "Mozilla/5.0 (Windows NT 10.0; WOW64) AppleWebKit/537.36 (KHTML, like Gecko) Chrome/55.0.2883.87 Safari/537.36"
::1 - - [Thu, 30 Nov 2017 03:42:54 GMT] "POST /login.do HTTP/1.1" 302 46 "http://localhost:90/login.html" "Mozilla/5.0 (Windows NT 10.0; WOW64) AppleWebKit/537.36 (KHTML, like Gecko) Chrome/55.0.2883.87 Safari/537.36"
::1 - - [Thu, 30 Nov 2017 03:42:54 GMT] "GET / HTTP/1.1" 200 1761 "http://localhost:90/login.html" "Mozilla/5.0 (Windows NT 10.0; WOW64) AppleWebKit/537.36 (KHTML, like Gecko) Chrome/55.0.2883.87 Safari/537.36"
::1 - - [Thu, 30 Nov 2017 03:42:54 GMT] "GET /stylesheets/style.css HTTP/1.1" 304 - "http://localhost:90/" "Mozilla/5.0 (Windows NT 10.0; WOW64) AppleWebKit/537.36 (KHTML, like Gecko) Chrome/55.0.2883.87 Safari/537.36"
::1 - - [Thu, 30 Nov 2017 03:42:59 GMT] "GET /push.html HTTP/1.1" 304 - "http://localhost:90/" "Mozilla/5.0 (Windows NT 10.0; WOW64) AppleWebKit/537.36 (KHTML, like Gecko) Chrome/55.0.2883.87 Safari/537.36"
::1 - - [Thu, 30 Nov 2017 03:42:59 GMT] "GET /stylesheets/style.css HTTP/1.1" 304 - "http://localhost:90/push.html" "Mozilla/5.0 (Windows NT 10.0; WOW64) AppleWebKit/537.36 (KHTML, like Gecko) Chrome/55.0.2883.87 Safari/537.36"
::1 - - [Thu, 30 Nov 2017 03:43:19 GMT] "POST /push.do HTTP/1.1" 302 46 "http://localhost:90/push.html" "Mozilla/5.0 (Windows NT 10.0; WOW64) AppleWebKit/537.36 (KHTML, like Gecko) Chrome/55.0.2883.87 Safari/537.36"
::1 - - [Thu, 30 Nov 2017 03:43:19 GMT] "GET / HTTP/1.1" 500 1558 "http://localhost:90/push.html" "Mozilla/5.0 (Windows NT 10.0; WOW64) AppleWebKit/537.36 (KHTML, like Gecko) Chrome/55.0.2883.87 Safari/537.36"
::1 - - [Thu, 30 Nov 2017 03:44:47 GMT] "GET / HTTP/1.1" 200 2251 "-" "Mozilla/5.0 (Windows NT 10.0; WOW64) AppleWebKit/537.36 (KHTML, like Gecko) Chrome/55.0.2883.87 Safari/537.36"
::1 - - [Thu, 30 Nov 2017 03:44:47 GMT] "GET /stylesheets/style.css HTTP/1.1" 304 - "http://localhost:90/" "Mozilla/5.0 (Windows NT 10.0; WOW64) AppleWebKit/537.36 (KHTML, like Gecko) Chrome/55.0.2883.87 Safari/537.36"
::1 - - [Thu, 30 Nov 2017 03:44:51 GMT] "GET /logout HTTP/1.1" 302 46 "http://localhost:90/" "Mozilla/5.0 (Windows NT 10.0; WOW64) AppleWebKit/537.36 (KHTML, like Gecko) Chrome/55.0.2883.87 Safari/537.36"
::1 - - [Thu, 30 Nov 2017 03:44:51 GMT] "GET / HTTP/1.1" 200 2217 "http://localhost:90/" "Mozilla/5.0 (Windows NT 10.0; WOW64) AppleWebKit/537.36 (KHTML, like Gecko) Chrome/55.0.2883.87 Safari/537.36"
::1 - - [Thu, 30 Nov 2017 03:44:51 GMT] "GET /stylesheets/style.css HTTP/1.1" 304 - "http://localhost:90/" "Mozilla/5.0 (Windows NT 10.0; WOW64) AppleWebKit/537.36 (KHTML, like Gecko) Chrome/55.0.2883.87 Safari/537.36"
::1 - - [Thu, 30 Nov 2017 03:44:52 GMT] "GET /stylesheets/style.css HTTP/1.1" 304 - "http://localhost:90/login.html" "Mozilla/5.0 (Windows NT 10.0; WOW64) AppleWebKit/537.36 (KHTML, like Gecko) Chrome/55.0.2883.87 Safari/537.36"
::1 - - [Thu, 30 Nov 2017 03:44:52 GMT] "GET /login.html HTTP/1.1" 200 1280 "http://localhost:90/" "Mozilla/5.0 (Windows NT 10.0; WOW64) AppleWebKit/537.36 (KHTML, like Gecko) Chrome/55.0.2883.87 Safari/537.36"
::1 - - [Thu, 30 Nov 2017 03:44:58 GMT] "POST /login.do HTTP/1.1" 302 46 "http://localhost:90/login.html" "Mozilla/5.0 (Windows NT 10.0; WOW64) AppleWebKit/537.36 (KHTML, like Gecko) Chrome/55.0.2883.87 Safari/537.36"
::1 - - [Thu, 30 Nov 2017 03:44:58 GMT] "GET / HTTP/1.1" 200 2249 "http://localhost:90/login.html" "Mozilla/5.0 (Windows NT 10.0; WOW64) AppleWebKit/537.36 (KHTML, like Gecko) Chrome/55.0.2883.87 Safari/537.36"
::1 - - [Thu, 30 Nov 2017 03:44:58 GMT] "GET /stylesheets/style.css HTTP/1.1" 304 - "http://localhost:90/" "Mozilla/5.0 (Windows NT 10.0; WOW64) AppleWebKit/537.36 (KHTML, like Gecko) Chrome/55.0.2883.87 Safari/537.36"
::1 - - [Thu, 30 Nov 2017 03:45:01 GMT] "GET /del/article.html?objId=5a1f7e57b1ff5536bc5e71ca HTTP/1.1" 302 46 "http://localhost:90/" "Mozilla/5.0 (Windows NT 10.0; WOW64) AppleWebKit/537.36 (KHTML, like Gecko) Chrome/55.0.2883.87 Safari/537.36"
::1 - - [Thu, 30 Nov 2017 03:45:01 GMT] "GET / HTTP/1.1" 200 1691 "http://localhost:90/" "Mozilla/5.0 (Windows NT 10.0; WOW64) AppleWebKit/537.36 (KHTML, like Gecko) Chrome/55.0.2883.87 Safari/537.36"
::1 - - [Thu, 30 Nov 2017 03:45:01 GMT] "GET /stylesheets/style.css HTTP/1.1" 304 - "http://localhost:90/" "Mozilla/5.0 (Windows NT 10.0; WOW64) AppleWebKit/537.36 (KHTML, like Gecko) Chrome/55.0.2883.87 Safari/537.36"
::1 - - [Thu, 30 Nov 2017 03:45:04 GMT] "GET /push.html HTTP/1.1" 304 - "http://localhost:90/" "Mozilla/5.0 (Windows NT 10.0; WOW64) AppleWebKit/537.36 (KHTML, like Gecko) Chrome/55.0.2883.87 Safari/537.36"
::1 - - [Thu, 30 Nov 2017 03:45:04 GMT] "GET /stylesheets/style.css HTTP/1.1" 304 - "http://localhost:90/push.html" "Mozilla/5.0 (Windows NT 10.0; WOW64) AppleWebKit/537.36 (KHTML, like Gecko) Chrome/55.0.2883.87 Safari/537.36"
::1 - - [Thu, 30 Nov 2017 03:45:16 GMT] "POST /push.do HTTP/1.1" 302 46 "http://localhost:90/push.html" "Mozilla/5.0 (Windows NT 10.0; WOW64) AppleWebKit/537.36 (KHTML, like Gecko) Chrome/55.0.2883.87 Safari/537.36"
::1 - - [Thu, 30 Nov 2017 03:45:16 GMT] "GET / HTTP/1.1" 500 1558 "http://localhost:90/push.html" "Mozilla/5.0 (Windows NT 10.0; WOW64) AppleWebKit/537.36 (KHTML, like Gecko) Chrome/55.0.2883.87 Safari/537.36"
::1 - - [Thu, 30 Nov 2017 03:49:06 GMT] "GET / HTTP/1.1" 500 1558 "-" "Mozilla/5.0 (Windows NT 10.0; WOW64) AppleWebKit/537.36 (KHTML, like Gecko) Chrome/55.0.2883.87 Safari/537.36"
::1 - - [Thu, 30 Nov 2017 03:49:41 GMT] "GET / HTTP/1.1" 200 2138 "-" "Mozilla/5.0 (Windows NT 10.0; WOW64) AppleWebKit/537.36 (KHTML, like Gecko) Chrome/55.0.2883.87 Safari/537.36"
::1 - - [Thu, 30 Nov 2017 03:49:41 GMT] "GET /stylesheets/style.css HTTP/1.1" 304 - "http://localhost:90/" "Mozilla/5.0 (Windows NT 10.0; WOW64) AppleWebKit/537.36 (KHTML, like Gecko) Chrome/55.0.2883.87 Safari/537.36"
::1 - - [Thu, 30 Nov 2017 03:49:44 GMT] "GET /logout HTTP/1.1" 302 46 "http://localhost:90/" "Mozilla/5.0 (Windows NT 10.0; WOW64) AppleWebKit/537.36 (KHTML, like Gecko) Chrome/55.0.2883.87 Safari/537.36"
::1 - - [Thu, 30 Nov 2017 03:49:44 GMT] "GET /stylesheets/style.css HTTP/1.1" 304 - "http://localhost:90/" "Mozilla/5.0 (Windows NT 10.0; WOW64) AppleWebKit/537.36 (KHTML, like Gecko) Chrome/55.0.2883.87 Safari/537.36"
::1 - - [Thu, 30 Nov 2017 03:49:44 GMT] "GET / HTTP/1.1" 200 2104 "http://localhost:90/" "Mozilla/5.0 (Windows NT 10.0; WOW64) AppleWebKit/537.36 (KHTML, like Gecko) Chrome/55.0.2883.87 Safari/537.36"
::1 - - [Thu, 30 Nov 2017 03:49:47 GMT] "GET /reg.html HTTP/1.1" 200 1608 "http://localhost:90/" "Mozilla/5.0 (Windows NT 10.0; WOW64) AppleWebKit/537.36 (KHTML, like Gecko) Chrome/55.0.2883.87 Safari/537.36"
::1 - - [Thu, 30 Nov 2017 03:49:47 GMT] "GET /stylesheets/style.css HTTP/1.1" 304 - "http://localhost:90/reg.html" "Mozilla/5.0 (Windows NT 10.0; WOW64) AppleWebKit/537.36 (KHTML, like Gecko) Chrome/55.0.2883.87 Safari/537.36"
::1 - - [Thu, 30 Nov 2017 03:50:11 GMT] "POST /reg.do HTTP/1.1" 302 46 "http://localhost:90/reg.html" "Mozilla/5.0 (Windows NT 10.0; WOW64) AppleWebKit/537.36 (KHTML, like Gecko) Chrome/55.0.2883.87 Safari/537.36"
::1 - - [Thu, 30 Nov 2017 03:50:11 GMT] "GET / HTTP/1.1" 500 1558 "http://localhost:90/reg.html" "Mozilla/5.0 (Windows NT 10.0; WOW64) AppleWebKit/537.36 (KHTML, like Gecko) Chrome/55.0.2883.87 Safari/537.36"
::1 - - [Thu, 30 Nov 2017 03:52:29 GMT] "GET / HTTP/1.1" 500 1558 "-" "Mozilla/5.0 (Windows NT 10.0; WOW64) AppleWebKit/537.36 (KHTML, like Gecko) Chrome/55.0.2883.87 Safari/537.36"
::1 - - [Thu, 30 Nov 2017 03:52:33 GMT] "GET /favicon.ico HTTP/1.1" 404 1618 "-" "Mozilla/5.0 (Windows NT 10.0; WOW64) AppleWebKit/537.36 (KHTML, like Gecko) Chrome/55.0.2883.87 Safari/537.36"
::1 - - [Thu, 30 Nov 2017 03:52:34 GMT] "GET / HTTP/1.1" 500 1558 "-" "Mozilla/5.0 (Windows NT 10.0; WOW64) AppleWebKit/537.36 (KHTML, like Gecko) Chrome/55.0.2883.87 Safari/537.36"
::1 - - [Thu, 30 Nov 2017 03:52:41 GMT] "GET / HTTP/1.1" 200 2136 "-" "Mozilla/5.0 (Windows NT 10.0; WOW64) AppleWebKit/537.36 (KHTML, like Gecko) Chrome/55.0.2883.87 Safari/537.36"
::1 - - [Thu, 30 Nov 2017 03:52:41 GMT] "GET /stylesheets/style.css HTTP/1.1" 304 - "http://localhost:90/" "Mozilla/5.0 (Windows NT 10.0; WOW64) AppleWebKit/537.36 (KHTML, like Gecko) Chrome/55.0.2883.87 Safari/537.36"
::1 - - [Thu, 30 Nov 2017 03:52:43 GMT] "GET /logout HTTP/1.1" 302 46 "http://localhost:90/" "Mozilla/5.0 (Windows NT 10.0; WOW64) AppleWebKit/537.36 (KHTML, like Gecko) Chrome/55.0.2883.87 Safari/537.36"
::1 - - [Thu, 30 Nov 2017 03:52:43 GMT] "GET / HTTP/1.1" 200 2104 "http://localhost:90/" "Mozilla/5.0 (Windows NT 10.0; WOW64) AppleWebKit/537.36 (KHTML, like Gecko) Chrome/55.0.2883.87 Safari/537.36"
::1 - - [Thu, 30 Nov 2017 03:52:43 GMT] "GET /stylesheets/style.css HTTP/1.1" 304 - "http://localhost:90/" "Mozilla/5.0 (Windows NT 10.0; WOW64) AppleWebKit/537.36 (KHTML, like Gecko) Chrome/55.0.2883.87 Safari/537.36"
::1 - - [Thu, 30 Nov 2017 03:52:43 GMT] "GET /login.html HTTP/1.1" 304 - "http://localhost:90/" "Mozilla/5.0 (Windows NT 10.0; WOW64) AppleWebKit/537.36 (KHTML, like Gecko) Chrome/55.0.2883.87 Safari/537.36"
::1 - - [Thu, 30 Nov 2017 03:52:43 GMT] "GET /stylesheets/style.css HTTP/1.1" 304 - "http://localhost:90/login.html" "Mozilla/5.0 (Windows NT 10.0; WOW64) AppleWebKit/537.36 (KHTML, like Gecko) Chrome/55.0.2883.87 Safari/537.36"
::1 - - [Thu, 30 Nov 2017 03:52:48 GMT] "POST /login.do HTTP/1.1" 302 46 "http://localhost:90/login.html" "Mozilla/5.0 (Windows NT 10.0; WOW64) AppleWebKit/537.36 (KHTML, like Gecko) Chrome/55.0.2883.87 Safari/537.36"
::1 - - [Thu, 30 Nov 2017 03:52:48 GMT] "GET / HTTP/1.1" 200 2136 "http://localhost:90/login.html" "Mozilla/5.0 (Windows NT 10.0; WOW64) AppleWebKit/537.36 (KHTML, like Gecko) Chrome/55.0.2883.87 Safari/537.36"
::1 - - [Thu, 30 Nov 2017 03:52:48 GMT] "GET /stylesheets/style.css HTTP/1.1" 304 - "http://localhost:90/" "Mozilla/5.0 (Windows NT 10.0; WOW64) AppleWebKit/537.36 (KHTML, like Gecko) Chrome/55.0.2883.87 Safari/537.36"
::1 - - [Thu, 30 Nov 2017 03:52:55 GMT] "GET /edit/article.html?objId=5a1f7cb9d799bb2a34be6d3a HTTP/1.1" 200 1685 "http://localhost:90/" "Mozilla/5.0 (Windows NT 10.0; WOW64) AppleWebKit/537.36 (KHTML, like Gecko) Chrome/55.0.2883.87 Safari/537.36"
::1 - - [Thu, 30 Nov 2017 03:52:55 GMT] "GET /stylesheets/style.css HTTP/1.1" 304 - "http://localhost:90/edit/article.html?objId=5a1f7cb9d799bb2a34be6d3a" "Mozilla/5.0 (Windows NT 10.0; WOW64) AppleWebKit/537.36 (KHTML, like Gecko) Chrome/55.0.2883.87 Safari/537.36"
::1 - - [Thu, 30 Nov 2017 03:53:00 GMT] "POST /edit/article.do HTTP/1.1" 302 46 "http://localhost:90/edit/article.html?objId=5a1f7cb9d799bb2a34be6d3a" "Mozilla/5.0 (Windows NT 10.0; WOW64) AppleWebKit/537.36 (KHTML, like Gecko) Chrome/55.0.2883.87 Safari/537.36"
::1 - - [Thu, 30 Nov 2017 03:53:00 GMT] "GET / HTTP/1.1" 200 2066 "http://localhost:90/edit/article.html?objId=5a1f7cb9d799bb2a34be6d3a" "Mozilla/5.0 (Windows NT 10.0; WOW64) AppleWebKit/537.36 (KHTML, like Gecko) Chrome/55.0.2883.87 Safari/537.36"
::1 - - [Thu, 30 Nov 2017 03:53:00 GMT] "GET /stylesheets/style.css HTTP/1.1" 304 - "http://localhost:90/" "Mozilla/5.0 (Windows NT 10.0; WOW64) AppleWebKit/537.36 (KHTML, like Gecko) Chrome/55.0.2883.87 Safari/537.36"
::1 - - [Thu, 30 Nov 2017 03:53:11 GMT] "GET / HTTP/1.1" 304 - "http://localhost:90/edit/article.html?objId=5a1f7cb9d799bb2a34be6d3a" "Mozilla/5.0 (Windows NT 10.0; WOW64) AppleWebKit/537.36 (KHTML, like Gecko) Chrome/55.0.2883.87 Safari/537.36"
::1 - - [Thu, 30 Nov 2017 03:53:11 GMT] "GET /stylesheets/style.css HTTP/1.1" 304 - "http://localhost:90/" "Mozilla/5.0 (Windows NT 10.0; WOW64) AppleWebKit/537.36 (KHTML, like Gecko) Chrome/55.0.2883.87 Safari/537.36"
::1 - - [Thu, 30 Nov 2017 03:53:12 GMT] "GET / HTTP/1.1" 304 - "http://localhost:90/edit/article.html?objId=5a1f7cb9d799bb2a34be6d3a" "Mozilla/5.0 (Windows NT 10.0; WOW64) AppleWebKit/537.36 (KHTML, like Gecko) Chrome/55.0.2883.87 Safari/537.36"
::1 - - [Thu, 30 Nov 2017 03:53:12 GMT] "GET /stylesheets/style.css HTTP/1.1" 304 - "http://localhost:90/" "Mozilla/5.0 (Windows NT 10.0; WOW64) AppleWebKit/537.36 (KHTML, like Gecko) Chrome/55.0.2883.87 Safari/537.36"
::1 - - [Thu, 30 Nov 2017 03:53:12 GMT] "GET / HTTP/1.1" 304 - "http://localhost:90/edit/article.html?objId=5a1f7cb9d799bb2a34be6d3a" "Mozilla/5.0 (Windows NT 10.0; WOW64) AppleWebKit/537.36 (KHTML, like Gecko) Chrome/55.0.2883.87 Safari/537.36"
::1 - - [Thu, 30 Nov 2017 03:53:12 GMT] "GET /stylesheets/style.css HTTP/1.1" 304 - "http://localhost:90/" "Mozilla/5.0 (Windows NT 10.0; WOW64) AppleWebKit/537.36 (KHTML, like Gecko) Chrome/55.0.2883.87 Safari/537.36"
::1 - - [Thu, 30 Nov 2017 03:53:12 GMT] "GET / HTTP/1.1" 304 - "http://localhost:90/edit/article.html?objId=5a1f7cb9d799bb2a34be6d3a" "Mozilla/5.0 (Windows NT 10.0; WOW64) AppleWebKit/537.36 (KHTML, like Gecko) Chrome/55.0.2883.87 Safari/537.36"
::1 - - [Thu, 30 Nov 2017 03:53:12 GMT] "GET /stylesheets/style.css HTTP/1.1" 304 - "http://localhost:90/" "Mozilla/5.0 (Windows NT 10.0; WOW64) AppleWebKit/537.36 (KHTML, like Gecko) Chrome/55.0.2883.87 Safari/537.36"
::1 - - [Thu, 30 Nov 2017 03:53:12 GMT] "GET / HTTP/1.1" 304 - "http://localhost:90/edit/article.html?objId=5a1f7cb9d799bb2a34be6d3a" "Mozilla/5.0 (Windows NT 10.0; WOW64) AppleWebKit/537.36 (KHTML, like Gecko) Chrome/55.0.2883.87 Safari/537.36"
::1 - - [Thu, 30 Nov 2017 03:53:12 GMT] "GET /stylesheets/style.css HTTP/1.1" 304 - "http://localhost:90/" "Mozilla/5.0 (Windows NT 10.0; WOW64) AppleWebKit/537.36 (KHTML, like Gecko) Chrome/55.0.2883.87 Safari/537.36"
::1 - - [Thu, 30 Nov 2017 03:53:16 GMT] "GET /edit/article.html?objId=5a1f7cb9d799bb2a34be6d3a HTTP/1.1" 304 - "http://localhost:90/" "Mozilla/5.0 (Windows NT 10.0; WOW64) AppleWebKit/537.36 (KHTML, like Gecko) Chrome/55.0.2883.87 Safari/537.36"
::1 - - [Thu, 30 Nov 2017 03:53:16 GMT] "GET /stylesheets/style.css HTTP/1.1" 304 - "http://localhost:90/edit/article.html?objId=5a1f7cb9d799bb2a34be6d3a" "Mozilla/5.0 (Windows NT 10.0; WOW64) AppleWebKit/537.36 (KHTML, like Gecko) Chrome/55.0.2883.87 Safari/537.36"
::1 - - [Thu, 30 Nov 2017 03:53:25 GMT] "POST /edit/article.do HTTP/1.1" 302 46 "http://localhost:90/edit/article.html?objId=5a1f7cb9d799bb2a34be6d3a" "Mozilla/5.0 (Windows NT 10.0; WOW64) AppleWebKit/537.36 (KHTML, like Gecko) Chrome/55.0.2883.87 Safari/537.36"
::1 - - [Thu, 30 Nov 2017 03:53:25 GMT] "GET / HTTP/1.1" 200 2075 "http://localhost:90/edit/article.html?objId=5a1f7cb9d799bb2a34be6d3a" "Mozilla/5.0 (Windows NT 10.0; WOW64) AppleWebKit/537.36 (KHTML, like Gecko) Chrome/55.0.2883.87 Safari/537.36"
::1 - - [Thu, 30 Nov 2017 03:53:25 GMT] "GET /stylesheets/style.css HTTP/1.1" 304 - "http://localhost:90/" "Mozilla/5.0 (Windows NT 10.0; WOW64) AppleWebKit/537.36 (KHTML, like Gecko) Chrome/55.0.2883.87 Safari/537.36"
::1 - - [Thu, 30 Nov 2017 05:50:42 GMT] "GET /logout HTTP/1.1" - - "http://localhost:90/" "Mozilla/5.0 (Windows NT 10.0; WOW64) AppleWebKit/537.36 (KHTML, like Gecko) Chrome/55.0.2883.87 Safari/537.36"
::1 - - [Thu, 30 Nov 2017 06:00:54 GMT] "GET / HTTP/1.1" 304 - "-" "Mozilla/5.0 (Windows NT 10.0; WOW64) AppleWebKit/537.36 (KHTML, like Gecko) Chrome/55.0.2883.87 Safari/537.36"
::1 - - [Thu, 30 Nov 2017 06:00:54 GMT] "GET /stylesheets/style.css HTTP/1.1" 304 - "http://localhost:90/" "Mozilla/5.0 (Windows NT 10.0; WOW64) AppleWebKit/537.36 (KHTML, like Gecko) Chrome/55.0.2883.87 Safari/537.36"
::1 - - [Thu, 30 Nov 2017 06:00:57 GMT] "GET /logout HTTP/1.1" 302 46 "http://localhost:90/" "Mozilla/5.0 (Windows NT 10.0; WOW64) AppleWebKit/537.36 (KHTML, like Gecko) Chrome/55.0.2883.87 Safari/537.36"
::1 - - [Thu, 30 Nov 2017 06:00:57 GMT] "GET / HTTP/1.1" 200 2113 "http://localhost:90/" "Mozilla/5.0 (Windows NT 10.0; WOW64) AppleWebKit/537.36 (KHTML, like Gecko) Chrome/55.0.2883.87 Safari/537.36"
::1 - - [Thu, 30 Nov 2017 06:00:57 GMT] "GET /stylesheets/style.css HTTP/1.1" 304 - "http://localhost:90/" "Mozilla/5.0 (Windows NT 10.0; WOW64) AppleWebKit/537.36 (KHTML, like Gecko) Chrome/55.0.2883.87 Safari/537.36"
::1 - - [Thu, 30 Nov 2017 06:00:59 GMT] "GET /del/article.html?objId=5a1f7cb9d799bb2a34be6d3a HTTP/1.1" 302 66 "http://localhost:90/" "Mozilla/5.0 (Windows NT 10.0; WOW64) AppleWebKit/537.36 (KHTML, like Gecko) Chrome/55.0.2883.87 Safari/537.36"
::1 - - [Thu, 30 Nov 2017 06:00:59 GMT] "GET /login.html HTTP/1.1" 200 1347 "http://localhost:90/" "Mozilla/5.0 (Windows NT 10.0; WOW64) AppleWebKit/537.36 (KHTML, like Gecko) Chrome/55.0.2883.87 Safari/537.36"
::1 - - [Thu, 30 Nov 2017 06:00:59 GMT] "GET /stylesheets/style.css HTTP/1.1" 304 - "http://localhost:90/login.html" "Mozilla/5.0 (Windows NT 10.0; WOW64) AppleWebKit/537.36 (KHTML, like Gecko) Chrome/55.0.2883.87 Safari/537.36"
::1 - - [Thu, 30 Nov 2017 06:01:22 GMT] "POST /login.do HTTP/1.1" 302 46 "http://localhost:90/login.html" "Mozilla/5.0 (Windows NT 10.0; WOW64) AppleWebKit/537.36 (KHTML, like Gecko) Chrome/55.0.2883.87 Safari/537.36"
::1 - - [Thu, 30 Nov 2017 06:01:22 GMT] "GET / HTTP/1.1" 200 2145 "http://localhost:90/login.html" "Mozilla/5.0 (Windows NT 10.0; WOW64) AppleWebKit/537.36 (KHTML, like Gecko) Chrome/55.0.2883.87 Safari/537.36"
::1 - - [Thu, 30 Nov 2017 06:01:22 GMT] "GET /stylesheets/style.css HTTP/1.1" 304 - "http://localhost:90/" "Mozilla/5.0 (Windows NT 10.0; WOW64) AppleWebKit/537.36 (KHTML, like Gecko) Chrome/55.0.2883.87 Safari/537.36"
::1 - - [Thu, 30 Nov 2017 06:01:47 GMT] "GET /stylesheets/style.css HTTP/1.1" 304 - "http://localhost:90/edit/article.html?objId=5a1f7ecc25b7740dd807f293" "Mozilla/5.0 (Windows NT 10.0; WOW64) AppleWebKit/537.36 (KHTML, like Gecko) Chrome/55.0.2883.87 Safari/537.36"
::1 - - [Thu, 30 Nov 2017 06:01:47 GMT] "GET /edit/article.html?objId=5a1f7ecc25b7740dd807f293 HTTP/1.1" 200 1681 "http://localhost:90/" "Mozilla/5.0 (Windows NT 10.0; WOW64) AppleWebKit/537.36 (KHTML, like Gecko) Chrome/55.0.2883.87 Safari/537.36"
::1 - - [Thu, 30 Nov 2017 06:02:02 GMT] "POST /edit/article.do HTTP/1.1" 302 46 "http://localhost:90/edit/article.html?objId=5a1f7ecc25b7740dd807f293" "Mozilla/5.0 (Windows NT 10.0; WOW64) AppleWebKit/537.36 (KHTML, like Gecko) Chrome/55.0.2883.87 Safari/537.36"
::1 - - [Thu, 30 Nov 2017 06:02:02 GMT] "GET / HTTP/1.1" 200 2053 "http://localhost:90/edit/article.html?objId=5a1f7ecc25b7740dd807f293" "Mozilla/5.0 (Windows NT 10.0; WOW64) AppleWebKit/537.36 (KHTML, like Gecko) Chrome/55.0.2883.87 Safari/537.36"
::1 - - [Thu, 30 Nov 2017 06:02:02 GMT] "GET /stylesheets/style.css HTTP/1.1" 304 - "http://localhost:90/" "Mozilla/5.0 (Windows NT 10.0; WOW64) AppleWebKit/537.36 (KHTML, like Gecko) Chrome/55.0.2883.87 Safari/537.36"
::1 - - [Thu, 30 Nov 2017 06:02:09 GMT] "GET /logout HTTP/1.1" 302 46 "http://localhost:90/" "Mozilla/5.0 (Windows NT 10.0; WOW64) AppleWebKit/537.36 (KHTML, like Gecko) Chrome/55.0.2883.87 Safari/537.36"
::1 - - [Thu, 30 Nov 2017 06:02:09 GMT] "GET / HTTP/1.1" 200 2091 "http://localhost:90/" "Mozilla/5.0 (Windows NT 10.0; WOW64) AppleWebKit/537.36 (KHTML, like Gecko) Chrome/55.0.2883.87 Safari/537.36"
::1 - - [Thu, 30 Nov 2017 06:02:09 GMT] "GET /stylesheets/style.css HTTP/1.1" 304 - "http://localhost:90/" "Mozilla/5.0 (Windows NT 10.0; WOW64) AppleWebKit/537.36 (KHTML, like Gecko) Chrome/55.0.2883.87 Safari/537.36"
::1 - - [Thu, 30 Nov 2017 06:02:11 GMT] "GET /reg.html HTTP/1.1" 304 - "http://localhost:90/" "Mozilla/5.0 (Windows NT 10.0; WOW64) AppleWebKit/537.36 (KHTML, like Gecko) Chrome/55.0.2883.87 Safari/537.36"
::1 - - [Thu, 30 Nov 2017 06:02:11 GMT] "GET /stylesheets/style.css HTTP/1.1" 304 - "http://localhost:90/reg.html" "Mozilla/5.0 (Windows NT 10.0; WOW64) AppleWebKit/537.36 (KHTML, like Gecko) Chrome/55.0.2883.87 Safari/537.36"
::1 - - [Thu, 30 Nov 2017 06:02:27 GMT] "POST /reg.do HTTP/1.1" 302 46 "http://localhost:90/reg.html" "Mozilla/5.0 (Windows NT 10.0; WOW64) AppleWebKit/537.36 (KHTML, like Gecko) Chrome/55.0.2883.87 Safari/537.36"
::1 - - [Thu, 30 Nov 2017 06:02:27 GMT] "GET / HTTP/1.1" 500 1558 "http://localhost:90/reg.html" "Mozilla/5.0 (Windows NT 10.0; WOW64) AppleWebKit/537.36 (KHTML, like Gecko) Chrome/55.0.2883.87 Safari/537.36"
::1 - - [Thu, 30 Nov 2017 06:23:56 GMT] "GET /logout HTTP/1.1" 302 46 "http://localhost:90/" "Mozilla/5.0 (Windows NT 10.0; WOW64) AppleWebKit/537.36 (KHTML, like Gecko) Chrome/55.0.2883.87 Safari/537.36"
::1 - - [Thu, 30 Nov 2017 06:23:56 GMT] "GET / HTTP/1.1" 200 2105 "http://localhost:90/" "Mozilla/5.0 (Windows NT 10.0; WOW64) AppleWebKit/537.36 (KHTML, like Gecko) Chrome/55.0.2883.87 Safari/537.36"
::1 - - [Thu, 30 Nov 2017 06:23:56 GMT] "GET /stylesheets/style.css HTTP/1.1" 304 - "http://localhost:90/" "Mozilla/5.0 (Windows NT 10.0; WOW64) AppleWebKit/537.36 (KHTML, like Gecko) Chrome/55.0.2883.87 Safari/537.36"
::1 - - [Thu, 30 Nov 2017 06:24:01 GMT] "GET /reg.html HTTP/1.1" 304 - "http://localhost:90/" "Mozilla/5.0 (Windows NT 10.0; WOW64) AppleWebKit/537.36 (KHTML, like Gecko) Chrome/55.0.2883.87 Safari/537.36"
::1 - - [Thu, 30 Nov 2017 06:24:01 GMT] "GET /stylesheets/style.css HTTP/1.1" 304 - "http://localhost:90/reg.html" "Mozilla/5.0 (Windows NT 10.0; WOW64) AppleWebKit/537.36 (KHTML, like Gecko) Chrome/55.0.2883.87 Safari/537.36"
::1 - - [Thu, 30 Nov 2017 06:24:14 GMT] "POST /reg.do HTTP/1.1" 302 46 "http://localhost:90/reg.html" "Mozilla/5.0 (Windows NT 10.0; WOW64) AppleWebKit/537.36 (KHTML, like Gecko) Chrome/55.0.2883.87 Safari/537.36"
::1 - - [Thu, 30 Nov 2017 06:24:14 GMT] "GET /stylesheets/style.css HTTP/1.1" 304 - "http://localhost:90/" "Mozilla/5.0 (Windows NT 10.0; WOW64) AppleWebKit/537.36 (KHTML, like Gecko) Chrome/55.0.2883.87 Safari/537.36"
::1 - - [Thu, 30 Nov 2017 06:24:14 GMT] "GET / HTTP/1.1" 200 2125 "http://localhost:90/reg.html" "Mozilla/5.0 (Windows NT 10.0; WOW64) AppleWebKit/537.36 (KHTML, like Gecko) Chrome/55.0.2883.87 Safari/537.36"
::1 - - [Thu, 30 Nov 2017 06:29:51 GMT] "GET / HTTP/1.1" 500 1665 "-" "Mozilla/5.0 (Windows NT 10.0; WOW64) AppleWebKit/537.36 (KHTML, like Gecko) Chrome/55.0.2883.87 Safari/537.36"
::1 - - [Thu, 30 Nov 2017 06:39:25 GMT] "GET / HTTP/1.1" 500 1640 "-" "Mozilla/5.0 (Windows NT 10.0; WOW64) AppleWebKit/537.36 (KHTML, like Gecko) Chrome/55.0.2883.87 Safari/537.36"
::1 - - [Thu, 30 Nov 2017 06:40:08 GMT] "GET / HTTP/1.1" 200 2055 "-" "Mozilla/5.0 (Windows NT 10.0; WOW64) AppleWebKit/537.36 (KHTML, like Gecko) Chrome/55.0.2883.87 Safari/537.36"
::1 - - [Thu, 30 Nov 2017 06:40:08 GMT] "GET /stylesheets/style.css HTTP/1.1" 304 - "http://localhost:90/" "Mozilla/5.0 (Windows NT 10.0; WOW64) AppleWebKit/537.36 (KHTML, like Gecko) Chrome/55.0.2883.87 Safari/537.36"
::1 - - [Thu, 30 Nov 2017 06:46:42 GMT] "GET / HTTP/1.1" 304 - "-" "Mozilla/5.0 (Windows NT 10.0; WOW64) AppleWebKit/537.36 (KHTML, like Gecko) Chrome/55.0.2883.87 Safari/537.36"
::1 - - [Thu, 30 Nov 2017 06:46:42 GMT] "GET /stylesheets/style.css HTTP/1.1" 304 - "http://localhost:90/" "Mozilla/5.0 (Windows NT 10.0; WOW64) AppleWebKit/537.36 (KHTML, like Gecko) Chrome/55.0.2883.87 Safari/537.36"
::1 - - [Thu, 30 Nov 2017 06:46:44 GMT] "GET /logout HTTP/1.1" 302 46 "http://localhost:90/" "Mozilla/5.0 (Windows NT 10.0; WOW64) AppleWebKit/537.36 (KHTML, like Gecko) Chrome/55.0.2883.87 Safari/537.36"
::1 - - [Thu, 30 Nov 2017 06:46:44 GMT] "GET / HTTP/1.1" 200 2091 "http://localhost:90/" "Mozilla/5.0 (Windows NT 10.0; WOW64) AppleWebKit/537.36 (KHTML, like Gecko) Chrome/55.0.2883.87 Safari/537.36"
::1 - - [Thu, 30 Nov 2017 06:46:44 GMT] "GET /stylesheets/style.css HTTP/1.1" 304 - "http://localhost:90/" "Mozilla/5.0 (Windows NT 10.0; WOW64) AppleWebKit/537.36 (KHTML, like Gecko) Chrome/55.0.2883.87 Safari/537.36"
::1 - - [Thu, 30 Nov 2017 06:46:50 GMT] "GET /edit/article.html?objId=5a1f7cb9d799bb2a34be6d3a HTTP/1.1" 302 66 "http://localhost:90/" "Mozilla/5.0 (Windows NT 10.0; WOW64) AppleWebKit/537.36 (KHTML, like Gecko) Chrome/55.0.2883.87 Safari/537.36"
::1 - - [Thu, 30 Nov 2017 06:46:50 GMT] "GET /login.html HTTP/1.1" 304 - "http://localhost:90/" "Mozilla/5.0 (Windows NT 10.0; WOW64) AppleWebKit/537.36 (KHTML, like Gecko) Chrome/55.0.2883.87 Safari/537.36"
::1 - - [Thu, 30 Nov 2017 06:46:50 GMT] "GET /stylesheets/style.css HTTP/1.1" 304 - "http://localhost:90/login.html" "Mozilla/5.0 (Windows NT 10.0; WOW64) AppleWebKit/537.36 (KHTML, like Gecko) Chrome/55.0.2883.87 Safari/537.36"
::1 - - [Thu, 30 Nov 2017 06:46:54 GMT] "GET /del/article.html?objId=5a1f7ecc25b7740dd807f293 HTTP/1.1" 302 66 "http://localhost:90/" "Mozilla/5.0 (Windows NT 10.0; WOW64) AppleWebKit/537.36 (KHTML, like Gecko) Chrome/55.0.2883.87 Safari/537.36"
::1 - - [Thu, 30 Nov 2017 06:46:54 GMT] "GET /login.html HTTP/1.1" 304 - "http://localhost:90/" "Mozilla/5.0 (Windows NT 10.0; WOW64) AppleWebKit/537.36 (KHTML, like Gecko) Chrome/55.0.2883.87 Safari/537.36"
::1 - - [Thu, 30 Nov 2017 06:46:54 GMT] "GET /stylesheets/style.css HTTP/1.1" 304 - "http://localhost:90/login.html" "Mozilla/5.0 (Windows NT 10.0; WOW64) AppleWebKit/537.36 (KHTML, like Gecko) Chrome/55.0.2883.87 Safari/537.36"
::1 - - [Thu, 30 Nov 2017 06:48:55 GMT] "POST /login.do HTTP/1.1" 302 46 "http://localhost:90/login.html" "Mozilla/5.0 (Windows NT 10.0; WOW64) AppleWebKit/537.36 (KHTML, like Gecko) Chrome/55.0.2883.87 Safari/537.36"
::1 - - [Thu, 30 Nov 2017 06:48:55 GMT] "GET / HTTP/1.1" 500 1640 "http://localhost:90/login.html" "Mozilla/5.0 (Windows NT 10.0; WOW64) AppleWebKit/537.36 (KHTML, like Gecko) Chrome/55.0.2883.87 Safari/537.36"
::1 - - [Thu, 30 Nov 2017 06:49:19 GMT] "GET / HTTP/1.1" 500 1640 "-" "Mozilla/5.0 (Windows NT 10.0; WOW64) AppleWebKit/537.36 (KHTML, like Gecko) Chrome/55.0.2883.87 Safari/537.36"
::1 - - [Thu, 30 Nov 2017 06:49:32 GMT] "GET / HTTP/1.1" 500 1640 "-" "Mozilla/5.0 (Windows NT 10.0; WOW64) AppleWebKit/537.36 (KHTML, like Gecko) Chrome/55.0.2883.87 Safari/537.36"
::1 - - [Thu, 30 Nov 2017 06:50:16 GMT] "GET / HTTP/1.1" 200 2125 "-" "Mozilla/5.0 (Windows NT 10.0; WOW64) AppleWebKit/537.36 (KHTML, like Gecko) Chrome/55.0.2883.87 Safari/537.36"
::1 - - [Thu, 30 Nov 2017 06:50:16 GMT] "GET /stylesheets/style.css HTTP/1.1" 304 - "http://localhost:90/" "Mozilla/5.0 (Windows NT 10.0; WOW64) AppleWebKit/537.36 (KHTML, like Gecko) Chrome/55.0.2883.87 Safari/537.36"
::1 - - [Thu, 30 Nov 2017 07:09:41 GMT] "GET /logout HTTP/1.1" 302 46 "http://localhost:90/" "Mozilla/5.0 (Windows NT 10.0; WOW64) AppleWebKit/537.36 (KHTML, like Gecko) Chrome/55.0.2883.87 Safari/537.36"
::1 - - [Thu, 30 Nov 2017 07:09:41 GMT] "GET / HTTP/1.1" 200 2091 "http://localhost:90/" "Mozilla/5.0 (Windows NT 10.0; WOW64) AppleWebKit/537.36 (KHTML, like Gecko) Chrome/55.0.2883.87 Safari/537.36"
::1 - - [Thu, 30 Nov 2017 07:09:41 GMT] "GET /stylesheets/style.css HTTP/1.1" 304 - "http://localhost:90/" "Mozilla/5.0 (Windows NT 10.0; WOW64) AppleWebKit/537.36 (KHTML, like Gecko) Chrome/55.0.2883.87 Safari/537.36"
::1 - - [Thu, 30 Nov 2017 07:09:43 GMT] "GET /reg.html HTTP/1.1" 304 - "http://localhost:90/" "Mozilla/5.0 (Windows NT 10.0; WOW64) AppleWebKit/537.36 (KHTML, like Gecko) Chrome/55.0.2883.87 Safari/537.36"
::1 - - [Thu, 30 Nov 2017 07:09:43 GMT] "GET /stylesheets/style.css HTTP/1.1" 304 - "http://localhost:90/reg.html" "Mozilla/5.0 (Windows NT 10.0; WOW64) AppleWebKit/537.36 (KHTML, like Gecko) Chrome/55.0.2883.87 Safari/537.36"
::1 - - [Thu, 30 Nov 2017 07:09:53 GMT] "POST /reg.do HTTP/1.1" 302 46 "http://localhost:90/reg.html" "Mozilla/5.0 (Windows NT 10.0; WOW64) AppleWebKit/537.36 (KHTML, like Gecko) Chrome/55.0.2883.87 Safari/537.36"
::1 - - [Thu, 30 Nov 2017 07:09:53 GMT] "GET / HTTP/1.1" 200 2123 "http://localhost:90/reg.html" "Mozilla/5.0 (Windows NT 10.0; WOW64) AppleWebKit/537.36 (KHTML, like Gecko) Chrome/55.0.2883.87 Safari/537.36"
::1 - - [Thu, 30 Nov 2017 07:09:53 GMT] "GET /stylesheets/style.css HTTP/1.1" 304 - "http://localhost:90/" "Mozilla/5.0 (Windows NT 10.0; WOW64) AppleWebKit/537.36 (KHTML, like Gecko) Chrome/55.0.2883.87 Safari/537.36"
::1 - - [Thu, 30 Nov 2017 07:18:27 GMT] "GET /logout HTTP/1.1" 302 46 "http://localhost:90/" "Mozilla/5.0 (Windows NT 10.0; WOW64) AppleWebKit/537.36 (KHTML, like Gecko) Chrome/55.0.2883.87 Safari/537.36"
::1 - - [Thu, 30 Nov 2017 07:18:27 GMT] "GET / HTTP/1.1" 200 2091 "http://localhost:90/" "Mozilla/5.0 (Windows NT 10.0; WOW64) AppleWebKit/537.36 (KHTML, like Gecko) Chrome/55.0.2883.87 Safari/537.36"
::1 - - [Thu, 30 Nov 2017 07:18:27 GMT] "GET /stylesheets/style.css HTTP/1.1" 304 - "http://localhost:90/" "Mozilla/5.0 (Windows NT 10.0; WOW64) AppleWebKit/537.36 (KHTML, like Gecko) Chrome/55.0.2883.87 Safari/537.36"
::1 - - [Thu, 30 Nov 2017 07:19:50 GMT] "GET /del/article.html?objId=5a1f7cb9d799bb2a34be6d3a HTTP/1.1" 302 66 "http://localhost:90/" "Mozilla/5.0 (Windows NT 10.0; WOW64) AppleWebKit/537.36 (KHTML, like Gecko) Chrome/55.0.2883.87 Safari/537.36"
::1 - - [Thu, 30 Nov 2017 07:19:50 GMT] "GET /login.html HTTP/1.1" 304 - "http://localhost:90/" "Mozilla/5.0 (Windows NT 10.0; WOW64) AppleWebKit/537.36 (KHTML, like Gecko) Chrome/55.0.2883.87 Safari/537.36"
::1 - - [Thu, 30 Nov 2017 07:19:50 GMT] "GET /stylesheets/style.css HTTP/1.1" 304 - "http://localhost:90/login.html" "Mozilla/5.0 (Windows NT 10.0; WOW64) AppleWebKit/537.36 (KHTML, like Gecko) Chrome/55.0.2883.87 Safari/537.36"
::1 - - [Thu, 30 Nov 2017 07:19:57 GMT] "POST /login.do HTTP/1.1" 302 46 "http://localhost:90/login.html" "Mozilla/5.0 (Windows NT 10.0; WOW64) AppleWebKit/537.36 (KHTML, like Gecko) Chrome/55.0.2883.87 Safari/537.36"
::1 - - [Thu, 30 Nov 2017 07:19:57 GMT] "GET /stylesheets/style.css HTTP/1.1" 304 - "http://localhost:90/" "Mozilla/5.0 (Windows NT 10.0; WOW64) AppleWebKit/537.36 (KHTML, like Gecko) Chrome/55.0.2883.87 Safari/537.36"
::1 - - [Thu, 30 Nov 2017 07:19:57 GMT] "GET / HTTP/1.1" 200 2123 "http://localhost:90/login.html" "Mozilla/5.0 (Windows NT 10.0; WOW64) AppleWebKit/537.36 (KHTML, like Gecko) Chrome/55.0.2883.87 Safari/537.36"
::1 - - [Thu, 30 Nov 2017 07:22:37 GMT] "GET /logout HTTP/1.1" 302 46 "http://localhost:90/" "Mozilla/5.0 (Windows NT 10.0; WOW64) AppleWebKit/537.36 (KHTML, like Gecko) Chrome/55.0.2883.87 Safari/537.36"
::1 - - [Thu, 30 Nov 2017 07:22:37 GMT] "GET / HTTP/1.1" 200 2091 "http://localhost:90/" "Mozilla/5.0 (Windows NT 10.0; WOW64) AppleWebKit/537.36 (KHTML, like Gecko) Chrome/55.0.2883.87 Safari/537.36"
::1 - - [Thu, 30 Nov 2017 07:22:37 GMT] "GET /stylesheets/style.css HTTP/1.1" 304 - "http://localhost:90/" "Mozilla/5.0 (Windows NT 10.0; WOW64) AppleWebKit/537.36 (KHTML, like Gecko) Chrome/55.0.2883.87 Safari/537.36"
::1 - - [Thu, 30 Nov 2017 07:22:39 GMT] "GET /login.html HTTP/1.1" 200 1280 "http://localhost:90/" "Mozilla/5.0 (Windows NT 10.0; WOW64) AppleWebKit/537.36 (KHTML, like Gecko) Chrome/55.0.2883.87 Safari/537.36"
::1 - - [Thu, 30 Nov 2017 07:22:39 GMT] "GET /stylesheets/style.css HTTP/1.1" 304 - "http://localhost:90/login.html" "Mozilla/5.0 (Windows NT 10.0; WOW64) AppleWebKit/537.36 (KHTML, like Gecko) Chrome/55.0.2883.87 Safari/537.36"
::1 - - [Thu, 30 Nov 2017 07:22:48 GMT] "POST /login.do HTTP/1.1" 302 46 "http://localhost:90/login.html" "Mozilla/5.0 (Windows NT 10.0; WOW64) AppleWebKit/537.36 (KHTML, like Gecko) Chrome/55.0.2883.87 Safari/537.36"
::1 - - [Thu, 30 Nov 2017 07:22:48 GMT] "GET / HTTP/1.1" 200 2123 "http://localhost:90/login.html" "Mozilla/5.0 (Windows NT 10.0; WOW64) AppleWebKit/537.36 (KHTML, like Gecko) Chrome/55.0.2883.87 Safari/537.36"
::1 - - [Thu, 30 Nov 2017 07:22:48 GMT] "GET /stylesheets/style.css HTTP/1.1" 304 - "http://localhost:90/" "Mozilla/5.0 (Windows NT 10.0; WOW64) AppleWebKit/537.36 (KHTML, like Gecko) Chrome/55.0.2883.87 Safari/537.36"
::1 - - [Thu, 30 Nov 2017 07:22:50 GMT] "GET /push.html HTTP/1.1" 304 - "http://localhost:90/" "Mozilla/5.0 (Windows NT 10.0; WOW64) AppleWebKit/537.36 (KHTML, like Gecko) Chrome/55.0.2883.87 Safari/537.36"
::1 - - [Thu, 30 Nov 2017 07:22:50 GMT] "GET /stylesheets/style.css HTTP/1.1" 304 - "http://localhost:90/push.html" "Mozilla/5.0 (Windows NT 10.0; WOW64) AppleWebKit/537.36 (KHTML, like Gecko) Chrome/55.0.2883.87 Safari/537.36"
::1 - - [Thu, 30 Nov 2017 07:24:18 GMT] "POST /push.do HTTP/1.1" 302 46 "http://localhost:90/push.html" "Mozilla/5.0 (Windows NT 10.0; WOW64) AppleWebKit/537.36 (KHTML, like Gecko) Chrome/55.0.2883.87 Safari/537.36"
::1 - - [Thu, 30 Nov 2017 07:24:18 GMT] "GET / HTTP/1.1" 200 2494 "http://localhost:90/push.html" "Mozilla/5.0 (Windows NT 10.0; WOW64) AppleWebKit/537.36 (KHTML, like Gecko) Chrome/55.0.2883.87 Safari/537.36"
::1 - - [Thu, 30 Nov 2017 07:24:18 GMT] "GET /stylesheets/style.css HTTP/1.1" 304 - "http://localhost:90/" "Mozilla/5.0 (Windows NT 10.0; WOW64) AppleWebKit/537.36 (KHTML, like Gecko) Chrome/55.0.2883.87 Safari/537.36"
